\BOOKMARK [1][-]{Doc-Start}{\376\377\000I\000n\000t\000r\000o\000d\000u\000c\000t\000i\000o\000n}{}% 1
\BOOKMARK [1][-]{Doc-Start}{\376\377\000M\000e\000t\000h\000o\000d\000s}{}% 2
\BOOKMARK [2][-]{section*.1}{\376\377\000H\000o\000s\000t\000\040\000S\000e\000l\000e\000c\000t\000i\000o\000n}{Doc-Start}% 3
\BOOKMARK [2][-]{section*.1}{\376\377\000S\000i\000t\000e\000\040\000S\000e\000l\000e\000c\000t\000i\000o\000n}{Doc-Start}% 4
\BOOKMARK [2][-]{section*.1}{\376\377\000S\000a\000m\000p\000l\000e\000\040\000C\000o\000l\000l\000e\000c\000t\000i\000o\000n}{Doc-Start}% 5
\BOOKMARK [2][-]{section*.1}{\376\377\000C\000u\000l\000t\000u\000r\000i\000n\000g\000\040\000M\000e\000t\000h\000o\000d\000s}{Doc-Start}% 6
\BOOKMARK [2][-]{section*.1}{\376\377\000M\000o\000l\000e\000c\000u\000l\000a\000r\000\040\000M\000e\000t\000h\000o\000d\000s}{Doc-Start}% 7
\BOOKMARK [2][-]{section*.1}{\376\377\000C\000o\000m\000p\000u\000t\000a\000t\000i\000o\000n\000a\000l\000\040\000a\000n\000d\000\040\000S\000t\000a\000t\000i\000s\000t\000i\000c\000a\000l\000\040\000M\000e\000t\000h\000o\000d\000s}{Doc-Start}% 8
\BOOKMARK [1][-]{section*.1}{\376\377\000R\000e\000s\000u\000l\000t\000s}{}% 9
\BOOKMARK [2][-]{section*.2}{\376\377\000I\000s\000o\000l\000a\000t\000i\000o\000n\000\040\000F\000r\000e\000q\000u\000e\000n\000c\000y}{section*.1}% 10
\BOOKMARK [2][-]{section*.2}{\376\377\000D\000i\000v\000e\000r\000s\000i\000t\000y\000\040\000P\000a\000t\000t\000e\000r\000n\000s}{section*.1}% 11
\BOOKMARK [2][-]{section*.2}{\376\377\000B\000i\000o\000g\000e\000o\000g\000r\000a\000p\000h\000i\000c\000\040\000P\000a\000t\000t\000e\000r\000n\000s}{section*.1}% 12
\BOOKMARK [1][-]{section*.2}{\376\377\000D\000i\000s\000c\000u\000s\000s\000i\000o\000n}{}% 13
\BOOKMARK [2][-]{section*.3}{\376\377\000I\000s\000o\000l\000a\000t\000i\000o\000n\000\040\000F\000r\000e\000q\000u\000e\000n\000c\000y\000\040\000a\000n\000d\000\040\000T\000r\000e\000e\000\040\000s\000i\000z\000e}{section*.2}% 14
\BOOKMARK [2][-]{section*.3}{\376\377\000D\000i\000v\000e\000r\000s\000i\000t\000y\000\040\000P\000a\000t\000t\000e\000r\000n\000s}{section*.2}% 15
\BOOKMARK [2][-]{section*.3}{\376\377\000B\000i\000o\000g\000e\000o\000g\000r\000a\000p\000h\000i\000c\000\040\000P\000a\000t\000t\000e\000r\000n\000s}{section*.2}% 16
\BOOKMARK [2][-]{section*.3}{\376\377\000C\000o\000m\000m\000u\000n\000i\000t\000y\000\040\000c\000o\000m\000p\000o\000s\000i\000t\000i\000o\000n\000\040\000c\000o\000m\000p\000a\000r\000e\000d\000\040\000t\000o\000\040\000r\000e\000l\000a\000t\000e\000d\000\040\000t\000r\000e\000e\000s\000\040\000i\000n\000\040\000o\000t\000h\000e\000r\000\040\000l\000o\000c\000a\000t\000i\000o\000n\000s}{section*.2}% 17
\BOOKMARK [2][-]{section*.3}{\376\377\000C\000o\000m\000p\000a\000r\000i\000s\000o\000n\000\040\000o\000f\000\040\000t\000r\000e\000e\000s\000\040\000i\000n\000\040\000S\000a\000n\000\040\000F\000r\000a\000n\000c\000i\000s\000c\000o\000\040\000a\000n\000d\000\040\000N\000e\000w\000\040\000Z\000e\000a\000l\000a\000n\000d}{section*.2}% 18
\BOOKMARK [1][-]{section*.3}{\376\377\000C\000o\000n\000c\000l\000u\000s\000i\000o\000n\000s}{}% 19
\BOOKMARK [1][-]{section*.3}{\376\377\000A\000c\000k\000n\000o\000w\000l\000e\000d\000g\000e\000m\000e\000n\000t\000s}{}% 20
\BOOKMARK [1][-]{section*.3}{\376\377\000R\000e\000f\000e\000r\000e\000n\000c\000e\000s}{}% 21
